0 info it worked if it ends with ok
1 verbose cli [ '/usr/local/bin/node', '/usr/local/bin/npm', 'upgrade' ]
2 info using npm@3.3.6
3 info using node@v5.0.0
4 verbose stack Error: Cannot find module './lib'
4 verbose stack     at Function.Module._resolveFilename (module.js:337:15)
4 verbose stack     at Function.Module._load (module.js:287:25)
4 verbose stack     at Module.require (module.js:366:17)
4 verbose stack     at require (module.js:385:17)
4 verbose stack     at Object.<anonymous> (/usr/local/lib/node_modules/npm/node_modules/request/node_modules/hawk/index.js:1:80)
4 verbose stack     at Module._compile (module.js:425:26)
4 verbose stack     at Object.Module._extensions..js (module.js:432:10)
4 verbose stack     at Module.load (module.js:356:32)
4 verbose stack     at Function.Module._load (module.js:311:12)
4 verbose stack     at Module.require (module.js:366:17)
4 verbose stack     at require (module.js:385:17)
5 verbose cwd /Users/rajrsingh/workspace/ibm-cds-labs.github.io
6 error Darwin 15.0.0
7 error argv "/usr/local/bin/node" "/usr/local/bin/npm" "upgrade"
8 error node v5.0.0
9 error npm  v3.3.6
10 error code MODULE_NOT_FOUND
11 error Cannot find module './lib'
12 error If you need help, you may report this error at:
12 error     <https://github.com/npm/npm/issues>
13 verbose exit [ 1, true ]
